C51 COMPILER V9.54   MAIN                                                                  02/19/2025 19:45:39 PAGE 1   


C51 COMPILER V9.54, COMPILATION OF MODULE MAIN
OBJECT MODULE PLACED IN .\Objects\main.obj
COMPILER INVOKED BY: E:\keil5\C51\BIN\C51.EXE main.c OPTIMIZE(8,SPEED) BROWSE DEBUG OBJECTEXTEND PRINT(.\Listings\main.l
                    -st) TABS(2) OBJECT(.\Objects\main.obj)

line level    source

   1          #include <REGX52.H>
   2          #include "Delay.h"
   3          #include "LCD1602.h"
   4          #include "MatrixKey.h"
   5          
   6          unsigned char KeyNum;
   7          unsigned int PassWord,Count;
   8          void main()
   9          {
  10   1        LCD_Init();
  11   1        LCD_ShowString(1,1,"PassWord:");
  12   1        while(1)
  13   1        {
  14   2          KeyNum=MatrixKey();
  15   2          if(KeyNum)
  16   2          {
  17   3            if(KeyNum<=10)                      //如果是S1~S10按键按下,输入密码
  18   3            {
  19   4              if(Count<4)                       //判断输入次数
  20   4              {
  21   5                PassWord*=10;                   //密码左移
  22   5                PassWord+=KeyNum%10;            //获取一位密码
  23   5              }
  24   4              Count++;
  25   4              LCD_ShowNum(2,1,PassWord,4);      //更新显示
  26   4            }
  27   3            if(KeyNum==11)                      //如果S11按键按下,为确认键
  28   3            {
  29   4              if(PassWord==4399)
  30   4              {
  31   5                LCD_ShowString(1,14,"OK!");     //密码正确时输出OK!
  32   5                PassWord=0;                     //清零密码和次数
  33   5                Count=0;
  34   5                LCD_ShowNum(2,1,PassWord,4);    
  35   5              }
  36   4              else
  37   4              {
  38   5                LCD_ShowString(1,14,"ERR");     //密码错误时输出ERR
  39   5                PassWord=0;                     //清零密码和次数
  40   5                Count=0;
  41   5                LCD_ShowNum(2,1,PassWord,4);
  42   5              }
  43   4            }
  44   3            if(KeyNum==12)                      //如果S12按键按下,为取消键  
  45   3            {
  46   4              PassWord=(int)PassWord/10;        //已输入的密码右移一位
  47   4              Count--;                          //判断输入次数减一
  48   4              LCD_ShowNum(2,1,PassWord,4);      //更新已输入密码显示
  49   4            }
  50   3          }
  51   2        }
  52   1        
  53   1      }
  54            
C51 COMPILER V9.54   MAIN                                                                  02/19/2025 19:45:39 PAGE 2   



MODULE INFORMATION:   STATIC OVERLAYABLE
   CODE SIZE        =    203    ----
   CONSTANT SIZE    =     18    ----
   XDATA SIZE       =   ----    ----
   PDATA SIZE       =   ----    ----
   DATA SIZE        =      5    ----
   IDATA SIZE       =   ----    ----
   BIT SIZE         =   ----    ----
END OF MODULE INFORMATION.


C51 COMPILATION COMPLETE.  0 WARNING(S),  0 ERROR(S)
