C51 COMPILER V9.54   MAIN                                                                  02/17/2025 19:46:53 PAGE 1   


C51 COMPILER V9.54, COMPILATION OF MODULE MAIN
OBJECT MODULE PLACED IN .\Objects\main.obj
COMPILER INVOKED BY: E:\keil5\C51\BIN\C51.EXE main.c OPTIMIZE(8,SPEED) BROWSE DEBUG OBJECTEXTEND PRINT(.\Listings\main.l
                    -st) TABS(2) OBJECT(.\Objects\main.obj)

line level    source

   1          #include <REGX52.H>
   2          
   3          void Delay(unsigned int xms)    //@11.0592MHz
   4          {
   5   1        unsigned char i, j;
   6   1        while(xms)
   7   1        {
   8   2            i = 2;
   9   2            j = 199;
  10   2            do
  11   2            {
  12   3              while (--j);
  13   3            } while (--i);
  14   2            xms--;
  15   2        }
  16   1        
  17   1      }
  18          
  19          
  20          void main()
  21          {
  22   1        while(1)
  23   1        {
  24   2          if(TXD==0)//按键时即为零,松手为一
  25   2          {
  26   3            Delay(20);//排除垫片按时抖动
  27   3            while(TXD==0);//按键时一直保持该状态,直到松手
  28   3            Delay(20);//排除垫片按后抖动
  29   3            
  30   3            P2_0=~P2_0;//每次按键时将P2_0控制的LED电平取反
  31   3            //
  32   3          }
  33   2        }
  34   1      }


MODULE INFORMATION:   STATIC OVERLAYABLE
   CODE SIZE        =     44    ----
   CONSTANT SIZE    =   ----    ----
   XDATA SIZE       =   ----    ----
   PDATA SIZE       =   ----    ----
   DATA SIZE        =   ----    ----
   IDATA SIZE       =   ----    ----
   BIT SIZE         =   ----    ----
END OF MODULE INFORMATION.


C51 COMPILATION COMPLETE.  0 WARNING(S),  0 ERROR(S)
