C51 COMPILER V9.54   MAIN                                                                  02/17/2025 20:51:49 PAGE 1   


C51 COMPILER V9.54, COMPILATION OF MODULE MAIN
OBJECT MODULE PLACED IN .\Objects\main.obj
COMPILER INVOKED BY: E:\keil5\C51\BIN\C51.EXE main.c OPTIMIZE(8,SPEED) BROWSE DEBUG OBJECTEXTEND PRINT(.\Listings\main.l
                    -st) TABS(2) OBJECT(.\Objects\main.obj)

line level    source

   1          #include <REGX52.H>
   2          
   3          void Delay(unsigned int xms)    //@11.0592MHz
   4          {
   5   1        unsigned char i, j;
   6   1        while(xms)
   7   1        {
   8   2            i = 2;
   9   2            j = 199;
  10   2            do
  11   2            {
  12   3              while (--j);
  13   3            } while (--i);
  14   2            xms--;
  15   2        }
  16   1        
  17   1      }
  18          
  19          unsigned char LEDNum;
  20          void main()
  21          {
  22   1        P2=0xFE;
  23   1        while(1)
  24   1        {
  25   2          if(RXD==0)
  26   2          {
  27   3            Delay(20);
  28   3            while(RXD==0);
  29   3            Delay(20);
  30   3            
  31   3            LEDNum++;
  32   3            if(LEDNum>=8)
  33   3              LEDNum=0;
  34   3            P2=~(0x01<<LEDNum);
  35   3          }
  36   2          
  37   2          if(TXD==0)
  38   2          {
  39   3            Delay(20);
  40   3            while(TXD==0);
  41   3            Delay(20);
  42   3            
  43   3            if(LEDNum==0)
  44   3            {
  45   4              LEDNum=7;
  46   4            }
  47   3            else 
  48   3            {
  49   4              LEDNum--;
  50   4            }
  51   3              
  52   3            P2=~(0x01<<LEDNum);
  53   3          }
  54   2        }
C51 COMPILER V9.54   MAIN                                                                  02/17/2025 20:51:49 PAGE 2   

  55   1      }


MODULE INFORMATION:   STATIC OVERLAYABLE
   CODE SIZE        =    108    ----
   CONSTANT SIZE    =   ----    ----
   XDATA SIZE       =   ----    ----
   PDATA SIZE       =   ----    ----
   DATA SIZE        =      1    ----
   IDATA SIZE       =   ----    ----
   BIT SIZE         =   ----    ----
END OF MODULE INFORMATION.


C51 COMPILATION COMPLETE.  0 WARNING(S),  0 ERROR(S)
