C51 COMPILER V9.54   MAIN                                                                  02/17/2025 17:50:06 PAGE 1   


C51 COMPILER V9.54, COMPILATION OF MODULE MAIN
OBJECT MODULE PLACED IN .\Objects\main.obj
COMPILER INVOKED BY: E:\keil5\C51\BIN\C51.EXE main.c OPTIMIZE(8,SPEED) BROWSE DEBUG OBJECTEXTEND PRINT(.\Listings\main.l
                    -st) TABS(2) OBJECT(.\Objects\main.obj)

line level    source

   1          #include <REGX52.H>
   2          
   3          #define x 200//LED流水灯闪烁间隙,单位毫秒
   4          
   5          void Delay1ms(unsigned int xms)   //@11.0592MHz
   6          {
   7   1        unsigned char i, j;
   8   1        while(xms)
   9   1        {
  10   2          i = 2;
  11   2          j = 199;
  12   2          do
  13   2          {
  14   3          while (--j);  
  15   3          }
  16   2          while (--i);
  17   2          xms--;
  18   2        }
  19   1        
  20   1      }
  21          
  22          
  23          void main()
  24          {
  25   1        while(1)
  26   1        {
  27   2          P2=0xFE;//1111 1110
  28   2          Delay1ms(x);
  29   2          P2=0xFD;//1111 1101
  30   2          Delay1ms(x);
  31   2          P2=0xFB;//1111 1011
  32   2          Delay1ms(x);
  33   2          P2=0xF7;//1111 0111
  34   2          Delay1ms(x);
  35   2          P2=0xEF;//1110 1111
  36   2          Delay1ms(x);
  37   2          P2=0xDF;//1101 1111
  38   2          Delay1ms(x);
  39   2          P2=0xBF;//1011 1111
  40   2          Delay1ms(x);
  41   2          P2=0x7F;//0111 1111
  42   2          Delay1ms(x);
  43   2        }
  44   1      }


MODULE INFORMATION:   STATIC OVERLAYABLE
   CODE SIZE        =     74    ----
   CONSTANT SIZE    =   ----    ----
   XDATA SIZE       =   ----    ----
   PDATA SIZE       =   ----    ----
   DATA SIZE        =   ----    ----
   IDATA SIZE       =   ----    ----
   BIT SIZE         =   ----    ----
C51 COMPILER V9.54   MAIN                                                                  02/17/2025 17:50:06 PAGE 2   

END OF MODULE INFORMATION.


C51 COMPILATION COMPLETE.  0 WARNING(S),  0 ERROR(S)
